This file contains any messages produced by compilers while
running configure, to aid debugging if configure makes a mistake.

It was created by Chordii configure. 4.3, which was
generated by GNU Autoconf 2.63.  Invocation command line was

  $ ./configure. --disable-X

## --------- ##
## Platform. ##
## --------- ##

hostname = NEOIII
uname -m = i386
uname -r = 1
uname -s = OS/2
uname -v = 2.45

/usr/bin/uname -p = unknown
/bin/uname -X     = unknown

/bin/arch              = unknown
/usr/bin/arch -k       = unknown
/usr/convex/getsysinfo = unknown
/usr/bin/hostinfo      = unknown
/bin/machine           = unknown
/usr/bin/oslevel       = unknown
/bin/universe          = unknown

PATH: U:\foo
PATH: U:\usr\local452\bin
PATH: U:\usr\local452\libexec\gcc\i386-pc-os2-emx\4.5.2
PATH: u:\extras\bin
PATH: U:\usr\bin
PATH: U:\GLIBIDL\GLIB\gcc\bin
PATH: U:\GLIBIDL\LIBIDL\gcc\bin
PATH: u:\bin
PATH: u:\PERL5\bin
PATH: u:\cmake\bin
PATH: u:\subversion\bin
PATH: u:\dev\qt4\bin
PATH: U:\MOZTOOLS
PATH: U:\EMX\bin
PATH: u:\dev\qt4\bin
PATH: u:\python26
PATH: u:\dev\ow\binp
PATH: u:\wxpm\bin
PATH: u:\boost_1_46_1
PATH: U:\DEV\OW\BINP
PATH: U:\DEV\OW\BINW
PATH: C:\MPTN\BIN
PATH: C:\TCPIP\BIN
PATH: C:\IBMCOM
PATH: C:\IBMLAN\NETPROG
PATH: C:\MUGLIB
PATH: C:\ECS\BIN
PATH: C:\EMX\BIN
PATH: C:\IBMGSK50\BIN
PATH: C:\IBMGSK40\BIN
PATH: C:\IBMGSK\BIN
PATH: C:\OS2
PATH: C:\OS2\SYSTEM
PATH: C:\OS2\INSTALL
PATH: C:\
PATH: C:\OS2\MDOS
PATH: C:\OS2\APPS
PATH: C:\ECS\KLIBC\BIN
PATH: C:\PROGRAMS\JAVA142\BIN
PATH: C:\MMOS2\FREEDB
PATH: C:\MMOS2
PATH: C:\MMOS2\MMPLAYER
PATH: C:\PROGRAMS\4OS2
PATH: C:\PROGRAMS\VYPERHELP
PATH: C:\PROGRAMS\IBMWORKS
PATH: E:\VTEX\BIN
PATH: E:\MMEDIA\CWORKS2
PATH: D:\ODIN\SYSTEM32
PATH: C:\TOOLS\CDRTOOLS
PATH: U:\OS2TK45\SOM\COMMON
PATH: U:\OS2TK45\SOM\BIN
PATH: U:\OS2TK45\BIN
PATH: C:\TOOLS\DFSEE\BIN
PATH: U:\DEV\EDIT2_20
PATH: U:\REXX\GPFREXX\BIN
PATH: U:\REXX\GPF\BIN
PATH: .
PATH: .


## ----------- ##
## Core tests. ##
## ----------- ##

configure.:1710: loading site script u:/moztools/config.site-nozbinfiles
| #!sh
| #ac_cv_host=i386-pc-gnu
| #ac_cv_host=i386-pc-os2
| #HOST=i386-pc-os2
| SHELL=sh
| PATH=`cmd.exe /c "echo %PATH%" | sed -e 's@\\\\@/@g'`
| PATH_SEPARATOR=';'
| 
| for f in INSTALL PERL M4 EXPR ; do
|  export $f="`type $f.exe|sed -e 's@\\\\@/@g' -e 's@.* @@'`"
| done
| 
| ac_cv_path_PERL='u:/Perl/bin/perl.exe'
| ac_cv_path__PATH_PERL='u:/Perl/bin/perl.exe'
| ac_cv_path__PATH_SH='u:/moztools/ash.exe'
| ac_cv_path__PATH_SED='u:/moztools/sed.exe'
| ac_cv_path_PROG_SENDMAIL='c:/tcpip/bin/sendmail.exe'
| ac_cv_path__PATH_SORT='u:/moztools/sort.exe'
| ac_cv_path_AR='u:/usr/bin/ar.exe'
| ac_cv_path_FALSE='u:/bin/false.exe'
| #ac_cv_path_GZIP='e:/archive/gzip.exe'
| #ac_cv_path_ZIP='e:/archive/zip.exe'
| ac_cv_path_MAKE='u:/moztools/make.exe'
| ac_cv_path_TRUE='u:/bin/true.exe'
| ac_cv_path_RM='u:/bin/rm.exe'
| ac_cv_path_MV='u:/bin/mv.exe'
| ac_cv_member_struct_sockaddr_in_sin_len='yes'
| ac_cv_path_MKDIR='u:/bin/mkdir.exe'
| ac_cv_path_MSGFMT='u:/usr/bin/msgfmt.exe'
| ac_cv_path__PATH_AWK='u:/moztools/awk.exe'
| ac_cv_path__PATH_EGREP='c:/emx/bin/egrep.exe'
| ac_cv_path_install=${INSTALL}
| ac_cv_path_STRIP='echo '
| ac_cv_path_uic='/dev/qt/trunk/bin/uic'
| ac_cv_path_XARGS='u:/moztools/xargs.exe'
| ac_cv_path_JAVAC='c:/programs/java142/bin/javac.exe'
| ac_cv_path_JAR='c:/programs/java142/bin/jar.exe'
| #ac_cv_prog_LN_S='cp -p'
| ac_cv_emxos2='yes'
| ac_cv_libext='lib'
| #cl_cv_prog_LN_S='cp -p'
| #cl_cv_prog_LN='cp -p'
| ac_executable_extensions=".exe"
| ac_cpp=g++.exe
| #LN_S='cp -p'
| MAKE=make
| #ACLOCAL=${ACLOCAL-"${UNIXROOT}/usr/bin/aclocal"}
| #AUTOCONF=${AUTOCONF-"${UNIXROOT}/usr/bin/autoconf"}
| #AUTOMAKE=${AUTOMAKE-"${UNIXROOT}/usr/bin/automake"}
| #AUTOHEADER=${AUTOHEADER-"${UNIXROOT}/usr/bin/autoheader"}
| #ACLOCAL='echo aclocal'
| #AUTOCONF='echo autoconf'
| #AUTOMAKE='echo automake'
| #AUTOHEADER='echo autoheader'
| MAKEINFO=${MAKEINFO-"makeinfo --no-split"}
| AMTAR=${AMTAR-"tar.exe"}
| CC=gcc
| CXX=g++
| AWK=gawk
| LEX=flex
| LIBEXT="LIB"
| #INSTALL=install-sh
| INSTALL=u:/bin/install.exe
| OBJEXT=o
| RM=rm.exe
| PERL=perl.exe
| AR=ar.exe
| LD=ld.exe
| RANLIB=echo
| #LIBTOOL=aplibtool.exe
| YACC='bison -y'
| BMTYPE=int
| BMBYTES=4
| PRINTABLE_OS_NAME=OS/2
| CFLAGS='-D__EMX__ -DOS2  -D__ST_MT_ERRNO__ -g'
| CXXFLAGS='-D__EMX__ -DOS2 -D__ST_MT_ERRNO__ -g'
| LDFLAGS='-Zexe -Zomf -Zmap -Zargs-wild -D__ST_MT_ERRNO__'
| #CFLAGS='-D__EMX__ -DOS2  -D__ST_MT_ERRNO__ -O3 -mcpu=pentium3'
| #CXXFLAGS='-D__EMX__ -DOS2 -D__ST_MT_ERRNO__ -O3 -mcpu=pentium3'
| #LDFLAGS='-Zexe -Zomf -Zmap -Zargs-wild -D__ST_MT_ERRNO__ -s'
| ac_exeext=.exe
| ac_cv_exeext=.exe
| ac_cv_path___CHGRP=echo
| ac_cv_path___CHOWN=echo
| ac_cv_path___RSH=echo
| function test
| { 
|   if [  "$1" = "-x" ] ; then  
|     shift
|     if [ -f "$1" ] ; then return ; fi
|     if type $1.cmd 1>nul 2>&1  ; then  return ; fi
|     if type $1.exe 1>nul 2>&1  ; then  return ; fi
|     x=`type $* 1>nul 2>&1|  sed -e 's@^.* @@' -e 's@\\\\@/@g' -e 's@\\.$@@'`
|     if [ -n "$x" ] ; then
|       grep '^\(#!\|[ \t]*extproc\)' "$x">nul 2>&1 
|     else
|       return 1
|     fi
|   else
|     builtin test "$@"
|   fi ;\
| }
| 
| 
| ### EOF ######################################################################
configure.:1721: loading cache /dev/null
configure.:1873: checking for a BSD-compatible install
configure.:1941: result: u:/bin/install.exe
configure.:1952: checking whether build environment is sane
configure.:2012: result: yes
configure.:2153: checking for a thread-safe mkdir -p
configure.:2192: result: u:/bin/mkdir.exe -p
configure.:2205: checking for gawk
configure.:2232: result: gawk
configure.:2243: checking whether make sets $(MAKE)
configure.:2265: result: yes
configure.:2407: checking for gcc
configure.:2434: result: gcc
configure.:2666: checking for C compiler version
configure.:2674: gcc --version >&5
gcc (GCC) 4.5.2
Copyright (C) 2010 Free Software Foundation, Inc.
This is free software; see the source for copying conditions.  There is NO
warranty; not even for MERCHANTABILITY or FITNESS FOR A PARTICULAR PURPOSE.

configure.:2678: $? = 0
configure.:2685: gcc -v >&5
Using built-in specs.
COLLECT_GCC=gcc
Target: i386-pc-os2-emx
Configured with: ./configure --prefix=/usr/local452 --enable-shared --enable-languages=c,c++,fortran --with-gnu-as --disable-lto --disable-bootstrap --disable-libstdcxx-pch --enable-threads
Thread model: os2
gcc version 4.5.2 (GCC) 
configure.:2689: $? = 0
configure.:2696: gcc -V >&5
gcc: '-V' must come at the start of the command line
configure.:2700: $? = 1
configure.:2723: checking for C compiler default output file name
configure.:2745: gcc -D__EMX__ -DOS2  -D__ST_MT_ERRNO__ -g  -Zexe -Zomf -Zmap -Zargs-wild -D__ST_MT_ERRNO__ conftest.c  >&5
configure.:2749: $? = 0
configure.:2787: result: conftest.exe
configure.:2806: checking whether the C compiler works
configure.:2816: ./conftest.exe
configure.:2820: $? = 0
configure.:2839: result: yes
configure.:2846: checking whether we are cross compiling
configure.:2848: result: no
configure.:2851: checking for suffix of executables
configure.:2858: gcc -o conftest.exe -D__EMX__ -DOS2  -D__ST_MT_ERRNO__ -g  -Zexe -Zomf -Zmap -Zargs-wild -D__ST_MT_ERRNO__ conftest.c  >&5
configure.:2862: $? = 0
configure.:2888: result: .exe
configure.:2894: checking for suffix of object files
configure.:2920: gcc -c -D__EMX__ -DOS2  -D__ST_MT_ERRNO__ -g  conftest.c >&5
configure.:2924: $? = 0
configure.:2949: result: o
configure.:2953: checking whether we are using the GNU C compiler
configure.:2982: gcc -c -D__EMX__ -DOS2  -D__ST_MT_ERRNO__ -g  conftest.c >&5
configure.:2989: $? = 0
configure.:3006: result: yes
configure.:3015: checking whether gcc accepts -g
configure.:3045: gcc -c -g  conftest.c >&5
configure.:3052: $? = 0
configure.:3153: result: yes
configure.:3170: checking for gcc option to accept ISO C89
configure.:3244: gcc  -c -D__EMX__ -DOS2  -D__ST_MT_ERRNO__ -g  conftest.c >&5
configure.:3251: $? = 0
configure.:3274: result: none needed
configure.:3303: checking for style of include used by make
configure.:3331: result: GNU
configure.:3356: checking dependency style of gcc
configure.:3466: result: gcc3
configure.:3491: checking how to run the C preprocessor
configure.:3531: gcc -E  conftest.c
configure.:3538: $? = 0
configure.:3569: gcc -E  conftest.c
conftest.c:11:28: fatal error: ac_nonexistent.h: No such file or directory
compilation terminated.
configure.:3576: $? = 1
configure.: failed program was:
| /* confdefs.h.  */
| #define PACKAGE_NAME "Chordii"
| #define PACKAGE_TARNAME "chordii"
| #define PACKAGE_VERSION "4.3"
| #define PACKAGE_STRING "Chordii 4.3"
| #define PACKAGE_BUGREPORT "jvromans@users.sourceforge.net"
| #define PACKAGE "chordii"
| #define VERSION "4.3"
| #define PATCH_LEVEL "0"
| /* end confdefs.h.  */
| #include <ac_nonexistent.h>
configure.:3609: result: gcc -E
configure.:3638: gcc -E  conftest.c
configure.:3645: $? = 0
configure.:3676: gcc -E  conftest.c
conftest.c:11:28: fatal error: ac_nonexistent.h: No such file or directory
compilation terminated.
configure.:3683: $? = 1
configure.: failed program was:
| /* confdefs.h.  */
| #define PACKAGE_NAME "Chordii"
| #define PACKAGE_TARNAME "chordii"
| #define PACKAGE_VERSION "4.3"
| #define PACKAGE_STRING "Chordii 4.3"
| #define PACKAGE_BUGREPORT "jvromans@users.sourceforge.net"
| #define PACKAGE "chordii"
| #define VERSION "4.3"
| #define PATCH_LEVEL "0"
| /* end confdefs.h.  */
| #include <ac_nonexistent.h>
configure.:3723: checking for grep that handles long lines and -e
configure.:3783: result: U:/MOZTOOLS/grep.exe
configure.:3788: checking for egrep
configure.:3852: result: U:/MOZTOOLS/grep.exe -E
configure.:3857: checking for ANSI C header files
configure.:3887: gcc -c -D__EMX__ -DOS2  -D__ST_MT_ERRNO__ -g  conftest.c >&5
configure.:3894: $? = 0
configure.:3993: gcc -o conftest.exe -D__EMX__ -DOS2  -D__ST_MT_ERRNO__ -g  -Zexe -Zomf -Zmap -Zargs-wild -D__ST_MT_ERRNO__ conftest.c  >&5
configure.:3997: $? = 0
configure.:4003: ./conftest.exe
configure.:4007: $? = 0
configure.:4025: result: yes
configure.:4049: checking for sys/types.h
configure.:4070: gcc -c -D__EMX__ -DOS2  -D__ST_MT_ERRNO__ -g  conftest.c >&5
configure.:4077: $? = 0
configure.:4094: result: yes
configure.:4049: checking for sys/stat.h
configure.:4070: gcc -c -D__EMX__ -DOS2  -D__ST_MT_ERRNO__ -g  conftest.c >&5
configure.:4077: $? = 0
configure.:4094: result: yes
configure.:4049: checking for stdlib.h
configure.:4070: gcc -c -D__EMX__ -DOS2  -D__ST_MT_ERRNO__ -g  conftest.c >&5
configure.:4077: $? = 0
configure.:4094: result: yes
configure.:4049: checking for string.h
configure.:4070: gcc -c -D__EMX__ -DOS2  -D__ST_MT_ERRNO__ -g  conftest.c >&5
configure.:4077: $? = 0
configure.:4094: result: yes
configure.:4049: checking for memory.h
configure.:4070: gcc -c -D__EMX__ -DOS2  -D__ST_MT_ERRNO__ -g  conftest.c >&5
configure.:4077: $? = 0
configure.:4094: result: yes
configure.:4049: checking for strings.h
configure.:4070: gcc -c -D__EMX__ -DOS2  -D__ST_MT_ERRNO__ -g  conftest.c >&5
configure.:4077: $? = 0
configure.:4094: result: yes
configure.:4049: checking for inttypes.h
configure.:4070: gcc -c -D__EMX__ -DOS2  -D__ST_MT_ERRNO__ -g  conftest.c >&5
configure.:4077: $? = 0
configure.:4094: result: yes
configure.:4049: checking for stdint.h
configure.:4070: gcc -c -D__EMX__ -DOS2  -D__ST_MT_ERRNO__ -g  conftest.c >&5
configure.:4077: $? = 0
configure.:4094: result: yes
configure.:4049: checking for unistd.h
configure.:4070: gcc -c -D__EMX__ -DOS2  -D__ST_MT_ERRNO__ -g  conftest.c >&5
configure.:4077: $? = 0
configure.:4094: result: yes
configure.:4110: checking for working alloca.h
configure.:4137: gcc -o conftest.exe -D__EMX__ -DOS2  -D__ST_MT_ERRNO__ -g  -Zexe -Zomf -Zmap -Zargs-wild -D__ST_MT_ERRNO__ conftest.c  >&5
configure.:4144: $? = 0
configure.:4164: result: yes
configure.:4174: checking for alloca
configure.:4221: gcc -o conftest.exe -D__EMX__ -DOS2  -D__ST_MT_ERRNO__ -g  -Zexe -Zomf -Zmap -Zargs-wild -D__ST_MT_ERRNO__ conftest.c  >&5
configure.:4228: $? = 0
configure.:4248: result: yes
configure.:4485: checking for ANSI C header files
configure.:4653: result: yes
configure.:4670: checking for stdlib.h
configure.:4677: result: yes
configure.:4670: checking for string.h
configure.:4677: result: yes
configure.:4670: checking for unistd.h
configure.:4677: result: yes
configure.:4818: checking for an ANSI C-conforming const
configure.:4893: gcc -c -D__EMX__ -DOS2  -D__ST_MT_ERRNO__ -g  conftest.c >&5
configure.:4900: $? = 0
configure.:4915: result: yes
configure.:4931: checking for strdup
configure.:4987: gcc -o conftest.exe -D__EMX__ -DOS2  -D__ST_MT_ERRNO__ -g  -Zexe -Zomf -Zmap -Zargs-wild -D__ST_MT_ERRNO__ conftest.c  >&5
conftest.c:50:6: warning: conflicting types for built-in function 'strdup'
configure.:4994: $? = 0
configure.:5016: result: yes
configure.:5033: checking for X
configure.:5089: gcc -o conftest.exe -D__EMX__ -DOS2  -D__ST_MT_ERRNO__ -g  -Zexe -Zomf -Zmap -Zargs-wild -D__ST_MT_ERRNO__ conftest.c  >&5
Error! E2028: _X is an undefined reference
file U:\tmp\ccbDMoZF.o(conftest.c): undefined symbol _X
weakld: error: Unresolved symbol (UNDEF) '_X'.
weakld: info: The symbol is referenced by:
    U:\tmp\ccbDMoZF.o
Ignoring unresolved externals reported from weak prelinker.
configure.:5096: $? = 1
configure.: failed program was:
| /* confdefs.h.  */
| #define PACKAGE_NAME "Chordii"
| #define PACKAGE_TARNAME "chordii"
| #define PACKAGE_VERSION "4.3"
| #define PACKAGE_STRING "Chordii 4.3"
| #define PACKAGE_BUGREPORT "jvromans@users.sourceforge.net"
| #define PACKAGE "chordii"
| #define VERSION "4.3"
| #define PATCH_LEVEL "0"
| #define STDC_HEADERS 1
| #define HAVE_SYS_TYPES_H 1
| #define HAVE_SYS_STAT_H 1
| #define HAVE_STDLIB_H 1
| #define HAVE_STRING_H 1
| #define HAVE_MEMORY_H 1
| #define HAVE_STRINGS_H 1
| #define HAVE_INTTYPES_H 1
| #define HAVE_STDINT_H 1
| #define HAVE_UNISTD_H 1
| #define HAVE_ALLOCA_H 1
| #define HAVE_ALLOCA 1
| #define STDC_HEADERS 1
| #define HAVE_STDLIB_H 1
| #define HAVE_STRING_H 1
| #define HAVE_UNISTD_H 1
| #define HAVE_STRDUP 1
| /* end confdefs.h.  */
| /* Define X to an innocuous variant, in case <limits.h> declares X.
|    For example, HP-UX 11i <limits.h> declares gettimeofday.  */
| #define X innocuous_X
| 
| /* System header to define __stub macros and hopefully few prototypes,
|     which can conflict with char X (); below.
|     Prefer <limits.h> to <assert.h> if __STDC__ is defined, since
|     <limits.h> exists even on freestanding compilers.  */
| 
| #ifdef __STDC__
| # include <limits.h>
| #else
| # include <assert.h>
| #endif
| 
| #undef X
| 
| /* Override any GCC internal prototype to avoid an error.
|    Use char because int might match the return type of a GCC
|    builtin and then its argument prototype would still apply.  */
| #ifdef __cplusplus
| extern "C"
| #endif
| char X ();
| /* The GNU C library defines this for functions which it implements
|     to always fail with ENOSYS.  Some functions are actually named
|     something starting with __ and the normal name is an alias.  */
| #if defined __stub_X || defined __stub___X
| choke me
| #endif
| 
| int
| main ()
| {
| return X ();
|   ;
|   return 0;
| }
configure.:5118: result: no
configure.:5033: checking for $CC
configure.:5089: gcc -o conftest.exe -D__EMX__ -DOS2  -D__ST_MT_ERRNO__ -g  -Zexe -Zomf -Zmap -Zargs-wild -D__ST_MT_ERRNO__ conftest.c  >&5
Error! E2028: _$CC is an undefined reference
file U:\tmp\ccQnpKR7.o(conftest.c): undefined symbol _$CC
weakld: error: Unresolved symbol (UNDEF) '_$CC'.
weakld: info: The symbol is referenced by:
    U:\tmp\ccQnpKR7.o
Ignoring unresolved externals reported from weak prelinker.
configure.:5096: $? = 1
configure.: failed program was:
| /* confdefs.h.  */
| #define PACKAGE_NAME "Chordii"
| #define PACKAGE_TARNAME "chordii"
| #define PACKAGE_VERSION "4.3"
| #define PACKAGE_STRING "Chordii 4.3"
| #define PACKAGE_BUGREPORT "jvromans@users.sourceforge.net"
| #define PACKAGE "chordii"
| #define VERSION "4.3"
| #define PATCH_LEVEL "0"
| #define STDC_HEADERS 1
| #define HAVE_SYS_TYPES_H 1
| #define HAVE_SYS_STAT_H 1
| #define HAVE_STDLIB_H 1
| #define HAVE_STRING_H 1
| #define HAVE_MEMORY_H 1
| #define HAVE_STRINGS_H 1
| #define HAVE_INTTYPES_H 1
| #define HAVE_STDINT_H 1
| #define HAVE_UNISTD_H 1
| #define HAVE_ALLOCA_H 1
| #define HAVE_ALLOCA 1
| #define STDC_HEADERS 1
| #define HAVE_STDLIB_H 1
| #define HAVE_STRING_H 1
| #define HAVE_UNISTD_H 1
| #define HAVE_STRDUP 1
| /* end confdefs.h.  */
| /* Define $CC to an innocuous variant, in case <limits.h> declares $CC.
|    For example, HP-UX 11i <limits.h> declares gettimeofday.  */
| #define $CC innocuous_$CC
| 
| /* System header to define __stub macros and hopefully few prototypes,
|     which can conflict with char $CC (); below.
|     Prefer <limits.h> to <assert.h> if __STDC__ is defined, since
|     <limits.h> exists even on freestanding compilers.  */
| 
| #ifdef __STDC__
| # include <limits.h>
| #else
| # include <assert.h>
| #endif
| 
| #undef $CC
| 
| /* Override any GCC internal prototype to avoid an error.
|    Use char because int might match the return type of a GCC
|    builtin and then its argument prototype would still apply.  */
| #ifdef __cplusplus
| extern "C"
| #endif
| char $CC ();
| /* The GNU C library defines this for functions which it implements
|     to always fail with ENOSYS.  Some functions are actually named
|     something starting with __ and the normal name is an alias.  */
| #if defined __stub_$CC || defined __stub___$CC
| choke me
| #endif
| 
| int
| main ()
| {
| return $CC ();
|   ;
|   return 0;
| }
configure.:5118: result: no
configure.:5033: checking for -c
configure.:5089: gcc -o conftest.exe -D__EMX__ -DOS2  -D__ST_MT_ERRNO__ -g  -Zexe -Zomf -Zmap -Zargs-wild -D__ST_MT_ERRNO__ conftest.c  >&5
conftest.c:30:9: error: macro names must be identifiers
conftest.c:43:8: error: macro names must be identifiers
conftest.c:43:9: warning: extra tokens at end of #undef directive
conftest.c:51:6: error: expected identifier or '(' before '-' token
configure.:5096: $? = 1
configure.: failed program was:
| /* confdefs.h.  */
| #define PACKAGE_NAME "Chordii"
| #define PACKAGE_TARNAME "chordii"
| #define PACKAGE_VERSION "4.3"
| #define PACKAGE_STRING "Chordii 4.3"
| #define PACKAGE_BUGREPORT "jvromans@users.sourceforge.net"
| #define PACKAGE "chordii"
| #define VERSION "4.3"
| #define PATCH_LEVEL "0"
| #define STDC_HEADERS 1
| #define HAVE_SYS_TYPES_H 1
| #define HAVE_SYS_STAT_H 1
| #define HAVE_STDLIB_H 1
| #define HAVE_STRING_H 1
| #define HAVE_MEMORY_H 1
| #define HAVE_STRINGS_H 1
| #define HAVE_INTTYPES_H 1
| #define HAVE_STDINT_H 1
| #define HAVE_UNISTD_H 1
| #define HAVE_ALLOCA_H 1
| #define HAVE_ALLOCA 1
| #define STDC_HEADERS 1
| #define HAVE_STDLIB_H 1
| #define HAVE_STRING_H 1
| #define HAVE_UNISTD_H 1
| #define HAVE_STRDUP 1
| /* end confdefs.h.  */
| /* Define -c to an innocuous variant, in case <limits.h> declares -c.
|    For example, HP-UX 11i <limits.h> declares gettimeofday.  */
| #define -c innocuous_-c
| 
| /* System header to define __stub macros and hopefully few prototypes,
|     which can conflict with char -c (); below.
|     Prefer <limits.h> to <assert.h> if __STDC__ is defined, since
|     <limits.h> exists even on freestanding compilers.  */
| 
| #ifdef __STDC__
| # include <limits.h>
| #else
| # include <assert.h>
| #endif
| 
| #undef -c
| 
| /* Override any GCC internal prototype to avoid an error.
|    Use char because int might match the return type of a GCC
|    builtin and then its argument prototype would still apply.  */
| #ifdef __cplusplus
| extern "C"
| #endif
| char -c ();
| /* The GNU C library defines this for functions which it implements
|     to always fail with ENOSYS.  Some functions are actually named
|     something starting with __ and the normal name is an alias.  */
| #if defined __stub_-c || defined __stub___-c
| choke me
| #endif
| 
| int
| main ()
| {
| return -c ();
|   ;
|   return 0;
| }
configure.:5118: result: no
configure.:5033: checking for $CFLAGS
configure.:5089: gcc -o conftest.exe -D__EMX__ -DOS2  -D__ST_MT_ERRNO__ -g  -Zexe -Zomf -Zmap -Zargs-wild -D__ST_MT_ERRNO__ conftest.c  >&5
Error! E2028: _$CFLAGS is an undefined reference
file U:\tmp\ccdRqRNA.o(conftest.c): undefined symbol _$CFLAGS
weakld: error: Unresolved symbol (UNDEF) '_$CFLAGS'.
weakld: info: The symbol is referenced by:
    U:\tmp\ccdRqRNA.o
Ignoring unresolved externals reported from weak prelinker.
configure.:5096: $? = 1
configure.: failed program was:
| /* confdefs.h.  */
| #define PACKAGE_NAME "Chordii"
| #define PACKAGE_TARNAME "chordii"
| #define PACKAGE_VERSION "4.3"
| #define PACKAGE_STRING "Chordii 4.3"
| #define PACKAGE_BUGREPORT "jvromans@users.sourceforge.net"
| #define PACKAGE "chordii"
| #define VERSION "4.3"
| #define PATCH_LEVEL "0"
| #define STDC_HEADERS 1
| #define HAVE_SYS_TYPES_H 1
| #define HAVE_SYS_STAT_H 1
| #define HAVE_STDLIB_H 1
| #define HAVE_STRING_H 1
| #define HAVE_MEMORY_H 1
| #define HAVE_STRINGS_H 1
| #define HAVE_INTTYPES_H 1
| #define HAVE_STDINT_H 1
| #define HAVE_UNISTD_H 1
| #define HAVE_ALLOCA_H 1
| #define HAVE_ALLOCA 1
| #define STDC_HEADERS 1
| #define HAVE_STDLIB_H 1
| #define HAVE_STRING_H 1
| #define HAVE_UNISTD_H 1
| #define HAVE_STRDUP 1
| /* end confdefs.h.  */
| /* Define $CFLAGS to an innocuous variant, in case <limits.h> declares $CFLAGS.
|    For example, HP-UX 11i <limits.h> declares gettimeofday.  */
| #define $CFLAGS innocuous_$CFLAGS
| 
| /* System header to define __stub macros and hopefully few prototypes,
|     which can conflict with char $CFLAGS (); below.
|     Prefer <limits.h> to <assert.h> if __STDC__ is defined, since
|     <limits.h> exists even on freestanding compilers.  */
| 
| #ifdef __STDC__
| # include <limits.h>
| #else
| # include <assert.h>
| #endif
| 
| #undef $CFLAGS
| 
| /* Override any GCC internal prototype to avoid an error.
|    Use char because int might match the return type of a GCC
|    builtin and then its argument prototype would still apply.  */
| #ifdef __cplusplus
| extern "C"
| #endif
| char $CFLAGS ();
| /* The GNU C library defines this for functions which it implements
|     to always fail with ENOSYS.  Some functions are actually named
|     something starting with __ and the normal name is an alias.  */
| #if defined __stub_$CFLAGS || defined __stub___$CFLAGS
| choke me
| #endif
| 
| int
| main ()
| {
| return $CFLAGS ();
|   ;
|   return 0;
| }
configure.:5118: result: no
configure.:5033: checking for $CPPFLAGS
configure.:5089: gcc -o conftest.exe -D__EMX__ -DOS2  -D__ST_MT_ERRNO__ -g  -Zexe -Zomf -Zmap -Zargs-wild -D__ST_MT_ERRNO__ conftest.c  >&5
Error! E2028: _$CPPFLAGS is an undefined reference
file U:\tmp\ccAUWPNQ.o(conftest.c): undefined symbol _$CPPFLAGS
weakld: error: Unresolved symbol (UNDEF) '_$CPPFLAGS'.
weakld: info: The symbol is referenced by:
    U:\tmp\ccAUWPNQ.o
Ignoring unresolved externals reported from weak prelinker.
configure.:5096: $? = 1
configure.: failed program was:
| /* confdefs.h.  */
| #define PACKAGE_NAME "Chordii"
| #define PACKAGE_TARNAME "chordii"
| #define PACKAGE_VERSION "4.3"
| #define PACKAGE_STRING "Chordii 4.3"
| #define PACKAGE_BUGREPORT "jvromans@users.sourceforge.net"
| #define PACKAGE "chordii"
| #define VERSION "4.3"
| #define PATCH_LEVEL "0"
| #define STDC_HEADERS 1
| #define HAVE_SYS_TYPES_H 1
| #define HAVE_SYS_STAT_H 1
| #define HAVE_STDLIB_H 1
| #define HAVE_STRING_H 1
| #define HAVE_MEMORY_H 1
| #define HAVE_STRINGS_H 1
| #define HAVE_INTTYPES_H 1
| #define HAVE_STDINT_H 1
| #define HAVE_UNISTD_H 1
| #define HAVE_ALLOCA_H 1
| #define HAVE_ALLOCA 1
| #define STDC_HEADERS 1
| #define HAVE_STDLIB_H 1
| #define HAVE_STRING_H 1
| #define HAVE_UNISTD_H 1
| #define HAVE_STRDUP 1
| /* end confdefs.h.  */
| /* Define $CPPFLAGS to an innocuous variant, in case <limits.h> declares $CPPFLAGS.
|    For example, HP-UX 11i <limits.h> declares gettimeofday.  */
| #define $CPPFLAGS innocuous_$CPPFLAGS
| 
| /* System header to define __stub macros and hopefully few prototypes,
|     which can conflict with char $CPPFLAGS (); below.
|     Prefer <limits.h> to <assert.h> if __STDC__ is defined, since
|     <limits.h> exists even on freestanding compilers.  */
| 
| #ifdef __STDC__
| # include <limits.h>
| #else
| # include <assert.h>
| #endif
| 
| #undef $CPPFLAGS
| 
| /* Override any GCC internal prototype to avoid an error.
|    Use char because int might match the return type of a GCC
|    builtin and then its argument prototype would still apply.  */
| #ifdef __cplusplus
| extern "C"
| #endif
| char $CPPFLAGS ();
| /* The GNU C library defines this for functions which it implements
|     to always fail with ENOSYS.  Some functions are actually named
|     something starting with __ and the normal name is an alias.  */
| #if defined __stub_$CPPFLAGS || defined __stub___$CPPFLAGS
| choke me
| #endif
| 
| int
| main ()
| {
| return $CPPFLAGS ();
|   ;
|   return 0;
| }
configure.:5118: result: no
configure.:5033: checking for conftest.$ac_ext
configure.:5089: gcc -o conftest.exe -D__EMX__ -DOS2  -D__ST_MT_ERRNO__ -g  -Zexe -Zomf -Zmap -Zargs-wild -D__ST_MT_ERRNO__ conftest.c  >&5
conftest.c:30:17: warning: missing whitespace after the macro name
conftest.c:43:16: warning: extra tokens at end of #undef directive
conftest.c:51:14: error: expected '=', ',', ';', 'asm' or '__attribute__' before '.' token
conftest.c:55:28: error: token "." is not valid in preprocessor expressions
conftest.c: In function 'main':
conftest.c:62:8: error: 'conftest' undeclared (first use in this function)
conftest.c:62:8: note: each undeclared identifier is reported only once for each function it appears in
configure.:5096: $? = 1
configure.: failed program was:
| /* confdefs.h.  */
| #define PACKAGE_NAME "Chordii"
| #define PACKAGE_TARNAME "chordii"
| #define PACKAGE_VERSION "4.3"
| #define PACKAGE_STRING "Chordii 4.3"
| #define PACKAGE_BUGREPORT "jvromans@users.sourceforge.net"
| #define PACKAGE "chordii"
| #define VERSION "4.3"
| #define PATCH_LEVEL "0"
| #define STDC_HEADERS 1
| #define HAVE_SYS_TYPES_H 1
| #define HAVE_SYS_STAT_H 1
| #define HAVE_STDLIB_H 1
| #define HAVE_STRING_H 1
| #define HAVE_MEMORY_H 1
| #define HAVE_STRINGS_H 1
| #define HAVE_INTTYPES_H 1
| #define HAVE_STDINT_H 1
| #define HAVE_UNISTD_H 1
| #define HAVE_ALLOCA_H 1
| #define HAVE_ALLOCA 1
| #define STDC_HEADERS 1
| #define HAVE_STDLIB_H 1
| #define HAVE_STRING_H 1
| #define HAVE_UNISTD_H 1
| #define HAVE_STRDUP 1
| /* end confdefs.h.  */
| /* Define conftest.$ac_ext to an innocuous variant, in case <limits.h> declares conftest.$ac_ext.
|    For example, HP-UX 11i <limits.h> declares gettimeofday.  */
| #define conftest.$ac_ext innocuous_conftest.$ac_ext
| 
| /* System header to define __stub macros and hopefully few prototypes,
|     which can conflict with char conftest.$ac_ext (); below.
|     Prefer <limits.h> to <assert.h> if __STDC__ is defined, since
|     <limits.h> exists even on freestanding compilers.  */
| 
| #ifdef __STDC__
| # include <limits.h>
| #else
| # include <assert.h>
| #endif
| 
| #undef conftest.$ac_ext
| 
| /* Override any GCC internal prototype to avoid an error.
|    Use char because int might match the return type of a GCC
|    builtin and then its argument prototype would still apply.  */
| #ifdef __cplusplus
| extern "C"
| #endif
| char conftest.$ac_ext ();
| /* The GNU C library defines this for functions which it implements
|     to always fail with ENOSYS.  Some functions are actually named
|     something starting with __ and the normal name is an alias.  */
| #if defined __stub_conftest.$ac_ext || defined __stub___conftest.$ac_ext
| choke me
| #endif
| 
| int
| main ()
| {
| return conftest.$ac_ext ();
|   ;
|   return 0;
| }
configure.:5118: result: no
configure.:5033: checking for >&5
configure.:5089: gcc -o conftest.exe -D__EMX__ -DOS2  -D__ST_MT_ERRNO__ -g  -Zexe -Zomf -Zmap -Zargs-wild -D__ST_MT_ERRNO__ conftest.c  >&5
conftest.c:30:9: error: macro names must be identifiers
conftest.c:43:8: error: macro names must be identifiers
conftest.c:43:9: warning: extra tokens at end of #undef directive
conftest.c:51:6: error: expected identifier or '(' before '>' token
conftest.c:55:21: error: operator '>' has no right operand
conftest.c: In function 'main':
conftest.c:62:8: error: expected expression before '>' token
configure.:5096: $? = 1
configure.: failed program was:
| /* confdefs.h.  */
| #define PACKAGE_NAME "Chordii"
| #define PACKAGE_TARNAME "chordii"
| #define PACKAGE_VERSION "4.3"
| #define PACKAGE_STRING "Chordii 4.3"
| #define PACKAGE_BUGREPORT "jvromans@users.sourceforge.net"
| #define PACKAGE "chordii"
| #define VERSION "4.3"
| #define PATCH_LEVEL "0"
| #define STDC_HEADERS 1
| #define HAVE_SYS_TYPES_H 1
| #define HAVE_SYS_STAT_H 1
| #define HAVE_STDLIB_H 1
| #define HAVE_STRING_H 1
| #define HAVE_MEMORY_H 1
| #define HAVE_STRINGS_H 1
| #define HAVE_INTTYPES_H 1
| #define HAVE_STDINT_H 1
| #define HAVE_UNISTD_H 1
| #define HAVE_ALLOCA_H 1
| #define HAVE_ALLOCA 1
| #define STDC_HEADERS 1
| #define HAVE_STDLIB_H 1
| #define HAVE_STRING_H 1
| #define HAVE_UNISTD_H 1
| #define HAVE_STRDUP 1
| /* end confdefs.h.  */
| /* Define >&5 to an innocuous variant, in case <limits.h> declares >&5.
|    For example, HP-UX 11i <limits.h> declares gettimeofday.  */
| #define >&5 innocuous_>&5
| 
| /* System header to define __stub macros and hopefully few prototypes,
|     which can conflict with char >&5 (); below.
|     Prefer <limits.h> to <assert.h> if __STDC__ is defined, since
|     <limits.h> exists even on freestanding compilers.  */
| 
| #ifdef __STDC__
| # include <limits.h>
| #else
| # include <assert.h>
| #endif
| 
| #undef >&5
| 
| /* Override any GCC internal prototype to avoid an error.
|    Use char because int might match the return type of a GCC
|    builtin and then its argument prototype would still apply.  */
| #ifdef __cplusplus
| extern "C"
| #endif
| char >&5 ();
| /* The GNU C library defines this for functions which it implements
|     to always fail with ENOSYS.  Some functions are actually named
|     something starting with __ and the normal name is an alias.  */
| #if defined __stub_>&5 || defined __stub___>&5
| choke me
| #endif
| 
| int
| main ()
| {
| return >&5 ();
|   ;
|   return 0;
| }
configure.:5118: result: no
configure.:5275: creating ./config.status

## ---------------------- ##
## Running config.status. ##
## ---------------------- ##

This file was extended by Chordii config.status 4.3, which was
generated by GNU Autoconf 2.63.  Invocation command line was

  CONFIG_FILES    = 
  CONFIG_HEADERS  = 
  CONFIG_LINKS    = 
  CONFIG_COMMANDS = 
  $ ./config.status 

on NEOIII

config.status:6152: creating Makefile
config.status:6152: creating src/Makefile
config.status:6152: creating man/Makefile
config.status:6152: creating chordii.spec
config.status:6152: creating windows/config.h
config.status:6152: creating src/config.h
config.status:6380: src/config.h is unchanged
config.status:6432: executing depfiles commands
configure.:6611: WARNING: unrecognized options: --disable-X

## ---------------- ##
## Cache variables. ##
## ---------------- ##

ac_cv_c_compiler_gnu=yes
ac_cv_c_const=yes
ac_cv_emxos2=yes
ac_cv_env_CC_set=set
ac_cv_env_CC_value=gcc
ac_cv_env_CFLAGS_set=
ac_cv_env_CFLAGS_value=
ac_cv_env_CPPFLAGS_set=
ac_cv_env_CPPFLAGS_value=
ac_cv_env_CPP_set=
ac_cv_env_CPP_value=
ac_cv_env_LDFLAGS_set=
ac_cv_env_LDFLAGS_value=
ac_cv_env_LIBS_set=
ac_cv_env_LIBS_value=
ac_cv_env_build_alias_set=
ac_cv_env_build_alias_value=
ac_cv_env_host_alias_set=
ac_cv_env_host_alias_value=
ac_cv_env_target_alias_set=
ac_cv_env_target_alias_value=
ac_cv_exeext=.exe
ac_cv_func_X=no
ac_cv_func__CC=no
ac_cv_func__CFLAGS=no
ac_cv_func__CPPFLAGS=no
ac_cv_func___5=no
ac_cv_func__c=no
ac_cv_func_alloca_works=yes
ac_cv_func_conftest__ac_ext=no
ac_cv_func_strdup=yes
ac_cv_header_inttypes_h=yes
ac_cv_header_memory_h=yes
ac_cv_header_stdc=yes
ac_cv_header_stdint_h=yes
ac_cv_header_stdlib_h=yes
ac_cv_header_string_h=yes
ac_cv_header_strings_h=yes
ac_cv_header_sys_stat_h=yes
ac_cv_header_sys_types_h=yes
ac_cv_header_unistd_h=yes
ac_cv_libext=lib
ac_cv_member_struct_sockaddr_in_sin_len=yes
ac_cv_objext=o
ac_cv_path_AR=u:/usr/bin/ar.exe
ac_cv_path_EGREP='U:/MOZTOOLS/grep.exe -E'
ac_cv_path_FALSE=u:/bin/false.exe
ac_cv_path_GREP=U:/MOZTOOLS/grep.exe
ac_cv_path_JAR=c:/programs/java142/bin/jar.exe
ac_cv_path_JAVAC=c:/programs/java142/bin/javac.exe
ac_cv_path_MAKE=u:/moztools/make.exe
ac_cv_path_MKDIR=u:/bin/mkdir.exe
ac_cv_path_MSGFMT=u:/usr/bin/msgfmt.exe
ac_cv_path_MV=u:/bin/mv.exe
ac_cv_path_PERL=u:/Perl/bin/perl.exe
ac_cv_path_PROG_SENDMAIL=c:/tcpip/bin/sendmail.exe
ac_cv_path_RM=u:/bin/rm.exe
ac_cv_path_STRIP='echo '
ac_cv_path_TRUE=u:/bin/true.exe
ac_cv_path_XARGS=u:/moztools/xargs.exe
ac_cv_path__PATH_AWK=u:/moztools/awk.exe
ac_cv_path__PATH_EGREP=c:/emx/bin/egrep.exe
ac_cv_path__PATH_PERL=u:/Perl/bin/perl.exe
ac_cv_path__PATH_SED=u:/moztools/sed.exe
ac_cv_path__PATH_SH=u:/moztools/ash.exe
ac_cv_path__PATH_SORT=u:/moztools/sort.exe
ac_cv_path___CHGRP=echo
ac_cv_path___CHOWN=echo
ac_cv_path___RSH=echo
ac_cv_path_install=u:/bin/INSTALL.exe
ac_cv_path_mkdir=u:/bin/mkdir.exe
ac_cv_path_uic=/dev/qt/trunk/bin/uic
ac_cv_prog_AWK=gawk
ac_cv_prog_CPP='gcc -E'
ac_cv_prog_ac_ct_CC=gcc
ac_cv_prog_cc_c89=
ac_cv_prog_cc_g=yes
ac_cv_prog_make_make_set=yes
ac_cv_working_alloca_h=yes
am_cv_CC_dependencies_compiler_type=gcc3

## ----------------- ##
## Output variables. ##
## ----------------- ##

ACLOCAL='${SHELL} U:/progetti/chordii-4.3/missing --run aclocal-1.11'
ALLOCA=''
AMDEPBACKSLASH='\'
AMDEP_FALSE='#'
AMDEP_TRUE=''
AMTAR='tar.exe'
AUTOCONF='${SHELL} U:/progetti/chordii-4.3/missing --run autoconf'
AUTOHEADER='${SHELL} U:/progetti/chordii-4.3/missing --run autoheader'
AUTOMAKE='${SHELL} U:/progetti/chordii-4.3/missing --run automake-1.11'
AWK='gawk'
CC='gcc'
CCDEPMODE='depmode=gcc3'
CFLAGS='-D__EMX__ -DOS2  -D__ST_MT_ERRNO__ -g -Wall -Werror -pedantic-errors -g'
CPP='gcc -E'
CPPFLAGS=''
CYGPATH_W='echo'
DEFS='-DHAVE_CONFIG_H'
DEPDIR='.deps'
ECHO_C=''
ECHO_N='-n'
ECHO_T=''
EGREP='U:/MOZTOOLS/grep.exe -E'
EXEEXT='.exe'
GREP='U:/MOZTOOLS/grep.exe'
INSTALL_DATA='${INSTALL} -m 644'
INSTALL_PROGRAM='${INSTALL}'
INSTALL_SCRIPT='${INSTALL}'
INSTALL_STRIP_PROGRAM='$(install_sh) -c -s'
LDFLAGS='-Zexe -Zomf -Zmap -Zargs-wild -D__ST_MT_ERRNO__'
LIBOBJS=' ${LIBOBJDIR}X$U.o ${LIBOBJDIR}$CC$U.o ${LIBOBJDIR}-c$U.o ${LIBOBJDIR}$CFLAGS$U.o ${LIBOBJDIR}$CPPFLAGS$U.o ${LIBOBJDIR}conftest.$ac_ext$U.o ${LIBOBJDIR}>&5$U.o'
LIBS=''
LTLIBOBJS=' ${LIBOBJDIR}X$U.lo ${LIBOBJDIR}$CC$U.lo ${LIBOBJDIR}-c$U.lo ${LIBOBJDIR}$CFLAGS$U.lo ${LIBOBJDIR}$CPPFLAGS$U.lo ${LIBOBJDIR}conftest.$ac_ext$U.lo ${LIBOBJDIR}>&5$U.lo'
MAKEINFO='makeinfo --no-split'
MKDIR_P='u:/bin/mkdir.exe -p'
OBJEXT='o'
PACKAGE='chordii'
PACKAGE_BUGREPORT='jvromans@users.sourceforge.net'
PACKAGE_NAME='Chordii'
PACKAGE_STRING='Chordii 4.3'
PACKAGE_TARNAME='chordii'
PACKAGE_VERSION='4.3'
PATCH_LEVEL='0'
PATH_SEPARATOR=';'
SET_MAKE=''
SHELL='sh'
STRIP=''
VERSION='4.3'
ac_ct_CC='gcc'
am__EXEEXT_FALSE='#'
am__EXEEXT_TRUE=''
am__fastdepCC_FALSE='#'
am__fastdepCC_TRUE=''
am__include='include'
am__isrc=''
am__leading_dot='.'
am__quote=''
am__tar='${AMTAR} chof - "$$tardir"'
am__untar='${AMTAR} xf -'
bindir='${exec_prefix}/bin'
build_alias=''
datadir='${datarootdir}'
datarootdir='${prefix}/share'
docdir='${datarootdir}/doc/${PACKAGE_TARNAME}'
dvidir='${docdir}'
exec_prefix='${prefix}'
host_alias=''
htmldir='${docdir}'
includedir='${prefix}/include'
infodir='${datarootdir}/info'
install_sh='${SHELL} U:/progetti/chordii-4.3/install-sh'
libdir='${exec_prefix}/lib'
libexecdir='${exec_prefix}/libexec'
localedir='${datarootdir}/locale'
localstatedir='${prefix}/var'
mandir='${datarootdir}/man'
mkdir_p='u:/bin/mkdir.exe -p'
oldincludedir='/usr/include'
pdfdir='${docdir}'
prefix='/usr/local'
program_transform_name='s,x,x,'
psdir='${docdir}'
sbindir='${exec_prefix}/sbin'
sharedstatedir='${prefix}/com'
sysconfdir='${prefix}/etc'
target_alias=''

## ----------- ##
## confdefs.h. ##
## ----------- ##

#define PACKAGE_NAME "Chordii"
#define PACKAGE_TARNAME "chordii"
#define PACKAGE_VERSION "4.3"
#define PACKAGE_STRING "Chordii 4.3"
#define PACKAGE_BUGREPORT "jvromans@users.sourceforge.net"
#define PACKAGE "chordii"
#define VERSION "4.3"
#define PATCH_LEVEL "0"
#define STDC_HEADERS 1
#define HAVE_SYS_TYPES_H 1
#define HAVE_SYS_STAT_H 1
#define HAVE_STDLIB_H 1
#define HAVE_STRING_H 1
#define HAVE_MEMORY_H 1
#define HAVE_STRINGS_H 1
#define HAVE_INTTYPES_H 1
#define HAVE_STDINT_H 1
#define HAVE_UNISTD_H 1
#define HAVE_ALLOCA_H 1
#define HAVE_ALLOCA 1
#define STDC_HEADERS 1
#define HAVE_STDLIB_H 1
#define HAVE_STRING_H 1
#define HAVE_UNISTD_H 1
#define HAVE_STRDUP 1

configure.: exit 0
